[19:22:57:022] [INFO] - org.springframework.boot.logging.DeferredLog.logTo(DeferredLog.java:227) - Devtools property defaults active! Set 'spring.devtools.add-properties' to 'false' to disable
[19:22:57:403] [INFO] - org.springframework.context.support.PostProcessorRegistrationDelegate$BeanPostProcessorChecker.postProcessAfterInitialization(PostProcessorRegistrationDelegate.java:330) - Bean 'org.springframework.cloud.autoconfigure.ConfigurationPropertiesRebinderAutoConfiguration' of type [org.springframework.cloud.autoconfigure.ConfigurationPropertiesRebinderAutoConfiguration$$EnhancerBySpringCGLIB$$203b45df] is not eligible for getting processed by all BeanPostProcessors (for example: not eligible for auto-proxying)
[19:22:58:772] [INFO] - org.springframework.boot.SpringApplication.logStartupProfileInfo(SpringApplication.java:679) - The following profiles are active: default
[19:23:00:730] [INFO] - org.springframework.data.repository.config.RepositoryConfigurationDelegate.multipleStoresDetected(RepositoryConfigurationDelegate.java:244) - Multiple Spring Data modules found, entering strict repository configuration mode!
[19:23:00:734] [INFO] - org.springframework.data.repository.config.RepositoryConfigurationDelegate.registerRepositoriesIn(RepositoryConfigurationDelegate.java:126) - Bootstrapping Spring Data repositories in DEFAULT mode.
[19:23:00:782] [INFO] - org.springframework.data.repository.config.RepositoryConfigurationDelegate.registerRepositoriesIn(RepositoryConfigurationDelegate.java:182) - Finished Spring Data repository scanning in 19ms. Found 0 repository interfaces.
[19:23:01:018] [WARN] - org.springframework.boot.actuate.endpoint.EndpointId.logWarning(EndpointId.java:135) - Endpoint ID 'service-registry' contains invalid characters, please migrate to a valid format.
[19:23:01:391] [INFO] - org.springframework.cloud.context.scope.GenericScope.setSerializationId(GenericScope.java:294) - BeanFactory id=dc8ef678-6f92-3fce-833d-25d3f7d415c7
[19:23:01:617] [INFO] - org.springframework.context.support.PostProcessorRegistrationDelegate$BeanPostProcessorChecker.postProcessAfterInitialization(PostProcessorRegistrationDelegate.java:330) - Bean 'org.springframework.transaction.annotation.ProxyTransactionManagementConfiguration' of type [org.springframework.transaction.annotation.ProxyTransactionManagementConfiguration$$EnhancerBySpringCGLIB$$42142e2] is not eligible for getting processed by all BeanPostProcessors (for example: not eligible for auto-proxying)
[19:23:01:772] [INFO] - org.springframework.context.support.PostProcessorRegistrationDelegate$BeanPostProcessorChecker.postProcessAfterInitialization(PostProcessorRegistrationDelegate.java:330) - Bean 'redisConfig' of type [top.harvie.ProjectTeam.conf.RedisConfig$$EnhancerBySpringCGLIB$$3f4b19ae] is not eligible for getting processed by all BeanPostProcessors (for example: not eligible for auto-proxying)
[19:23:01:809] [INFO] - org.springframework.context.support.PostProcessorRegistrationDelegate$BeanPostProcessorChecker.postProcessAfterInitialization(PostProcessorRegistrationDelegate.java:330) - Bean 'org.springframework.hateoas.config.HateoasConfiguration' of type [org.springframework.hateoas.config.HateoasConfiguration$$EnhancerBySpringCGLIB$$83a19014] is not eligible for getting processed by all BeanPostProcessors (for example: not eligible for auto-proxying)
[19:23:01:829] [INFO] - org.springframework.context.support.PostProcessorRegistrationDelegate$BeanPostProcessorChecker.postProcessAfterInitialization(PostProcessorRegistrationDelegate.java:330) - Bean 'org.springframework.cloud.autoconfigure.ConfigurationPropertiesRebinderAutoConfiguration' of type [org.springframework.cloud.autoconfigure.ConfigurationPropertiesRebinderAutoConfiguration$$EnhancerBySpringCGLIB$$203b45df] is not eligible for getting processed by all BeanPostProcessors (for example: not eligible for auto-proxying)
[19:23:03:031] [INFO] - org.springframework.boot.web.embedded.tomcat.TomcatWebServer.initialize(TomcatWebServer.java:90) - Tomcat initialized with port(s): 8082 (https)
[19:23:03:058] [INFO] - org.apache.juli.logging.DirectJDKLog.log(DirectJDKLog.java:173) - Initializing ProtocolHandler ["https-jsse-nio-8082"]
[19:23:03:091] [INFO] - org.apache.juli.logging.DirectJDKLog.log(DirectJDKLog.java:173) - Starting service [Tomcat]
[19:23:03:092] [INFO] - org.apache.juli.logging.DirectJDKLog.log(DirectJDKLog.java:173) - Starting Servlet engine: [Apache Tomcat/9.0.16]
[19:23:03:107] [INFO] - org.apache.juli.logging.DirectJDKLog.log(DirectJDKLog.java:173) - The APR based Apache Tomcat Native library which allows optimal performance in production environments was not found on the java.library.path: [C:\Program Files\Java\jdk-11.0.2\bin;C:\Windows\Sun\Java\bin;C:\Windows\system32;C:\Windows;C:\Windows\system32;C:\Windows;C:\Windows\System32\Wbem;C:\Windows\System32\WindowsPowerShell\v1.0\;C:\Windows\System32\OpenSSH\;C:\Program Files\NVIDIA Corporation\NVIDIA NvDLISR;C:\Program Files (x86)\NVIDIA Corporation\PhysX\Common;C:\Program Files\Java\jdk-11.0.2\bin;C:\Program Files\Java\jdk-11.0.2\jre\bin;C:\Program Files\maven\apache-maven-3.6.0\bin\;E:\mysql-8.0.15-winx64\bin;C:\Users\yhy\AppData\Local\Microsoft\WindowsApps;C:\Program Files\Bandizip\;C:\Program Files\JetBrains\IntelliJ IDEA 2018.3.5\bin;;E:\SSH;.]
[19:23:03:340] [INFO] - org.apache.juli.logging.DirectJDKLog.log(DirectJDKLog.java:173) - Initializing Spring embedded WebApplicationContext
[19:23:03:341] [INFO] - org.springframework.boot.web.servlet.context.ServletWebServerApplicationContext.prepareWebApplicationContext(ServletWebServerApplicationContext.java:296) - Root WebApplicationContext: initialization completed in 4551 ms
[19:23:03:541] [WARN] - com.netflix.config.sources.URLConfigurationSource.<init>(URLConfigurationSource.java:121) - No URLs will be polled as dynamic configuration sources.
[19:23:03:541] [INFO] - com.netflix.config.sources.URLConfigurationSource.<init>(URLConfigurationSource.java:122) - To enable URLs as dynamic configuration sources, define System property archaius.configurationSource.additionalUrls or make config.properties available on classpath.
[19:23:03:584] [INFO] - com.netflix.config.DynamicPropertyFactory.getInstance(DynamicPropertyFactory.java:281) - DynamicPropertyFactory is initialized with configuration sources: com.netflix.config.ConcurrentCompositeConfiguration@29fd3b4f
[19:23:07:084] [INFO] - org.springframework.boot.actuate.endpoint.web.EndpointLinksResolver.<init>(EndpointLinksResolver.java:59) - Exposing 19 endpoint(s) beneath base path '/actuator'
[19:23:07:258] [WARN] - com.netflix.config.sources.URLConfigurationSource.<init>(URLConfigurationSource.java:121) - No URLs will be polled as dynamic configuration sources.
[19:23:07:258] [INFO] - com.netflix.config.sources.URLConfigurationSource.<init>(URLConfigurationSource.java:122) - To enable URLs as dynamic configuration sources, define System property archaius.configurationSource.additionalUrls or make config.properties available on classpath.
[19:23:07:506] [INFO] - org.springframework.scheduling.concurrent.ExecutorConfigurationSupport.initialize(ExecutorConfigurationSupport.java:171) - Initializing ExecutorService 'applicationTaskExecutor'
[19:23:07:562] [INFO] - org.springframework.boot.devtools.autoconfigure.OptionalLiveReloadServer.startServer(OptionalLiveReloadServer.java:57) - LiveReload server is running on port 35729
[19:23:09:388] [INFO] - org.springframework.cloud.netflix.eureka.InstanceInfoFactory.create(InstanceInfoFactory.java:71) - Setting initial instance status as: STARTING
[19:23:09:460] [INFO] - com.netflix.discovery.DiscoveryClient.<init>(DiscoveryClient.java:349) - Initializing Eureka in region us-east-1
[19:23:09:671] [INFO] - com.netflix.discovery.provider.DiscoveryJerseyProvider.<init>(DiscoveryJerseyProvider.java:70) - Using JSON encoding codec LegacyJacksonJson
[19:23:09:671] [INFO] - com.netflix.discovery.provider.DiscoveryJerseyProvider.<init>(DiscoveryJerseyProvider.java:71) - Using JSON decoding codec LegacyJacksonJson
[19:23:09:857] [INFO] - com.netflix.discovery.provider.DiscoveryJerseyProvider.<init>(DiscoveryJerseyProvider.java:80) - Using XML encoding codec XStreamXml
[19:23:09:858] [INFO] - com.netflix.discovery.provider.DiscoveryJerseyProvider.<init>(DiscoveryJerseyProvider.java:81) - Using XML decoding codec XStreamXml
[19:23:10:141] [INFO] - com.netflix.discovery.shared.resolver.aws.ConfigClusterResolver.getClusterEndpoints(ConfigClusterResolver.java:43) - Resolving eureka endpoints via configuration
[19:23:10:792] [INFO] - com.netflix.discovery.DiscoveryClient.fetchRegistry(DiscoveryClient.java:958) - Disable delta property : false
[19:23:10:793] [INFO] - com.netflix.discovery.DiscoveryClient.fetchRegistry(DiscoveryClient.java:959) - Single vip registry refresh property : null
[19:23:10:793] [INFO] - com.netflix.discovery.DiscoveryClient.fetchRegistry(DiscoveryClient.java:960) - Force full registry fetch : false
[19:23:10:793] [INFO] - com.netflix.discovery.DiscoveryClient.fetchRegistry(DiscoveryClient.java:961) - Application is null : false
[19:23:10:794] [INFO] - com.netflix.discovery.DiscoveryClient.fetchRegistry(DiscoveryClient.java:962) - Registered Applications size is zero : true
[19:23:10:794] [INFO] - com.netflix.discovery.DiscoveryClient.fetchRegistry(DiscoveryClient.java:964) - Application version is -1: true
[19:23:10:794] [INFO] - com.netflix.discovery.DiscoveryClient.getAndStoreFullRegistry(DiscoveryClient.java:1047) - Getting all instance registry info from the eureka server
[19:23:11:050] [INFO] - com.netflix.discovery.DiscoveryClient.getAndStoreFullRegistry(DiscoveryClient.java:1056) - The response status is 200
[19:23:11:054] [INFO] - com.netflix.discovery.DiscoveryClient.initScheduledTasks(DiscoveryClient.java:1270) - Starting heartbeat executor: renew interval is: 30
[19:23:11:058] [INFO] - com.netflix.discovery.InstanceInfoReplicator.<init>(InstanceInfoReplicator.java:60) - InstanceInfoReplicator onDemand update allowed rate per min is 4
[19:23:11:063] [INFO] - com.netflix.discovery.DiscoveryClient.<init>(DiscoveryClient.java:449) - Discovery Client initialized at timestamp 1555932191061 with initial instances count: 3
[19:23:11:066] [INFO] - org.springframework.cloud.netflix.eureka.serviceregistry.EurekaServiceRegistry.register(EurekaServiceRegistry.java:42) - Registering application TEAM-SERVICE with eureka with status UP
[19:23:11:067] [INFO] - com.netflix.discovery.DiscoveryClient$3.notify(DiscoveryClient.java:1305) - Saw local status change event StatusChangeEvent [timestamp=1555932191067, current=UP, previous=STARTING]
[19:23:11:069] [INFO] - com.netflix.discovery.DiscoveryClient.register(DiscoveryClient.java:826) - DiscoveryClient_TEAM-SERVICE/DESKTOP-KRVLQ2R:Team-Service:8082: registering service...
[19:23:11:095] [INFO] - springfox.documentation.spring.web.plugins.DocumentationPluginsBootstrapper.onApplicationEvent(DocumentationPluginsBootstrapper.java:80) - Context refreshed
[19:23:11:123] [INFO] - springfox.documentation.spring.web.plugins.DocumentationPluginsBootstrapper.onApplicationEvent(DocumentationPluginsBootstrapper.java:83) - Found {0} custom documentation plugin(s)
[19:23:11:137] [INFO] - com.netflix.discovery.DiscoveryClient.register(DiscoveryClient.java:835) - DiscoveryClient_TEAM-SERVICE/DESKTOP-KRVLQ2R:Team-Service:8082 - registration status: 204
[19:23:11:144] [INFO] - springfox.documentation.spring.web.scanners.ApiListingReferenceScanner.scan(ApiListingReferenceScanner.java:53) - Scanning for api listing references
[19:23:11:163] [INFO] - springfox.documentation.swagger.web.ClassOrApiAnnotationResourceGrouping$1.apply(ClassOrApiAnnotationResourceGrouping.java:100) - Group for method select was team
[19:23:11:200] [INFO] - springfox.documentation.spring.web.scanners.ApiListingReferenceScanner.scan(ApiListingReferenceScanner.java:72) - Request mapping: select belongs to groups: [[ResourceGroup{groupName='team', position=0, controller=top.harvie.ProjectTeam.controller.TeamController}]] 
[19:23:11:209] [INFO] - springfox.documentation.swagger.web.ClassOrApiAnnotationResourceGrouping$1.apply(ClassOrApiAnnotationResourceGrouping.java:100) - Group for method delete was team
[19:23:11:210] [INFO] - springfox.documentation.spring.web.scanners.ApiListingReferenceScanner.scan(ApiListingReferenceScanner.java:72) - Request mapping: delete belongs to groups: [[ResourceGroup{groupName='team', position=0, controller=top.harvie.ProjectTeam.controller.TeamController}]] 
[19:23:11:211] [INFO] - springfox.documentation.swagger.web.ClassOrApiAnnotationResourceGrouping$1.apply(ClassOrApiAnnotationResourceGrouping.java:100) - Group for method update was team
[19:23:11:212] [INFO] - springfox.documentation.spring.web.scanners.ApiListingReferenceScanner.scan(ApiListingReferenceScanner.java:72) - Request mapping: update belongs to groups: [[ResourceGroup{groupName='team', position=0, controller=top.harvie.ProjectTeam.controller.TeamController}]] 
[19:23:11:213] [INFO] - springfox.documentation.swagger.web.ClassOrApiAnnotationResourceGrouping$1.apply(ClassOrApiAnnotationResourceGrouping.java:100) - Group for method add was team
[19:23:11:214] [INFO] - springfox.documentation.spring.web.scanners.ApiListingReferenceScanner.scan(ApiListingReferenceScanner.java:72) - Request mapping: add belongs to groups: [[ResourceGroup{groupName='team', position=0, controller=top.harvie.ProjectTeam.controller.TeamController}]] 
[19:23:11:217] [INFO] - springfox.documentation.swagger.web.ClassOrApiAnnotationResourceGrouping$1.apply(ClassOrApiAnnotationResourceGrouping.java:100) - Group for method selectById was team
[19:23:11:219] [INFO] - springfox.documentation.spring.web.scanners.ApiListingReferenceScanner.scan(ApiListingReferenceScanner.java:72) - Request mapping: selectById belongs to groups: [[ResourceGroup{groupName='team', position=0, controller=top.harvie.ProjectTeam.controller.TeamController}]] 
[19:23:11:229] [INFO] - springfox.documentation.swagger.web.ClassOrApiAnnotationResourceGrouping$1.apply(ClassOrApiAnnotationResourceGrouping.java:100) - Group for method uploadFile was filecontroller
[19:23:11:231] [INFO] - springfox.documentation.spring.web.scanners.ApiListingReferenceScanner.scan(ApiListingReferenceScanner.java:72) - Request mapping: uploadFile belongs to groups: [[ResourceGroup{groupName='filecontroller', position=0, controller=top.harvie.ProjectTeam.controller.FileController}]] 
[19:23:11:240] [INFO] - springfox.documentation.spring.web.scanners.ApiListingReferenceScanner.scan(ApiListingReferenceScanner.java:84) - Created resource listing Path: /top.harvie/team Description: team Position: 0
[19:23:11:244] [INFO] - springfox.documentation.spring.web.scanners.ApiListingReferenceScanner.scan(ApiListingReferenceScanner.java:84) - Created resource listing Path: /top.harvie/filecontroller Description: filecontroller Position: 0
[19:23:11:329] [INFO] - springfox.documentation.schema.ModelContextKeyGenerator.generate(ModelContextKeyGenerator.java:46) - Cache Key Generated: java.lang.Object(true)
[19:23:11:330] [INFO] - springfox.documentation.spring.web.caching.CachingAspect.modelsAndDependencies(CachingAspect.java:79) - Caching aspect applied for cache models with key java.lang.Object(true)
[19:23:11:361] [INFO] - springfox.documentation.schema.ModelContextKeyGenerator.generate(ModelContextKeyGenerator.java:46) - Cache Key Generated: java.lang.Object(true)
[19:23:11:361] [INFO] - springfox.documentation.spring.web.caching.CachingAspect.modelsAndDependencies(CachingAspect.java:79) - Caching aspect applied for cache modelDependencies with key java.lang.Object(true)
[19:23:11:396] [INFO] - springfox.documentation.spring.web.OperationsKeyGenerator.generate(OperationsKeyGenerator.java:51) - Cache key generated: /api/uploadFile.top.harvie.ProjectTeam.controller.FileController.uploadFile.CodeGenGenericTypeNamingStrategy
[19:23:11:396] [INFO] - springfox.documentation.spring.web.caching.CachingAspect.operationsAndProperties(CachingAspect.java:68) - Caching aspect applied for cache operations with key /api/uploadFile.top.harvie.ProjectTeam.controller.FileController.uploadFile.CodeGenGenericTypeNamingStrategy
[19:23:11:439] [INFO] - springfox.documentation.swagger.web.ClassOrApiAnnotationResourceGrouping$1.apply(ClassOrApiAnnotationResourceGrouping.java:100) - Group for method uploadFile was filecontroller
[19:23:11:481] [INFO] - springfox.documentation.swagger.web.ClassOrApiAnnotationResourceGrouping$1.apply(ClassOrApiAnnotationResourceGrouping.java:100) - Group for method uploadFile was filecontroller
[19:23:11:526] [INFO] - springfox.documentation.schema.ModelContextKeyGenerator.generate(ModelContextKeyGenerator.java:46) - Cache Key Generated: top.harvie.ProjectTeam.dao.pojo.Team(false)
[19:23:11:527] [INFO] - springfox.documentation.spring.web.caching.CachingAspect.modelsAndDependencies(CachingAspect.java:79) - Caching aspect applied for cache models with key top.harvie.ProjectTeam.dao.pojo.Team(false)
[19:23:11:531] [INFO] - springfox.documentation.schema.property.ModelPropertiesKeyGenerator.generate(ModelPropertiesKeyGenerator.java:48) - Cache key generated: top.harvie.ProjectTeam.dao.pojo.Team(false)
[19:23:11:531] [INFO] - springfox.documentation.spring.web.caching.CachingAspect.operationsAndProperties(CachingAspect.java:68) - Caching aspect applied for cache modelProperties with key top.harvie.ProjectTeam.dao.pojo.Team(false)
[19:23:11:578] [INFO] - springfox.documentation.schema.ModelContextKeyGenerator.generate(ModelContextKeyGenerator.java:46) - Cache Key Generated: top.harvie.ProjectTeam.dao.pojo.Team(false)
[19:23:11:578] [INFO] - springfox.documentation.spring.web.caching.CachingAspect.modelsAndDependencies(CachingAspect.java:79) - Caching aspect applied for cache modelDependencies with key top.harvie.ProjectTeam.dao.pojo.Team(false)
[19:23:11:579] [INFO] - springfox.documentation.schema.property.ModelPropertiesKeyGenerator.generate(ModelPropertiesKeyGenerator.java:48) - Cache key generated: top.harvie.ProjectTeam.dao.pojo.Team(false)
[19:23:11:579] [INFO] - springfox.documentation.spring.web.caching.CachingAspect.operationsAndProperties(CachingAspect.java:68) - Caching aspect applied for cache modelProperties with key top.harvie.ProjectTeam.dao.pojo.Team(false)
[19:23:11:581] [INFO] - springfox.documentation.schema.ModelContextKeyGenerator.generate(ModelContextKeyGenerator.java:46) - Cache Key Generated: java.lang.Object(true)
[19:23:11:581] [INFO] - springfox.documentation.spring.web.caching.CachingAspect.modelsAndDependencies(CachingAspect.java:79) - Caching aspect applied for cache models with key java.lang.Object(true)
[19:23:11:582] [INFO] - springfox.documentation.schema.ModelContextKeyGenerator.generate(ModelContextKeyGenerator.java:46) - Cache Key Generated: java.lang.Object(true)
[19:23:11:582] [INFO] - springfox.documentation.spring.web.caching.CachingAspect.modelsAndDependencies(CachingAspect.java:79) - Caching aspect applied for cache modelDependencies with key java.lang.Object(true)
[19:23:11:583] [INFO] - springfox.documentation.spring.web.OperationsKeyGenerator.generate(OperationsKeyGenerator.java:51) - Cache key generated: /api/team.top.harvie.ProjectTeam.controller.TeamController.add.CodeGenGenericTypeNamingStrategy
[19:23:11:583] [INFO] - springfox.documentation.spring.web.caching.CachingAspect.operationsAndProperties(CachingAspect.java:68) - Caching aspect applied for cache operations with key /api/team.top.harvie.ProjectTeam.controller.TeamController.add.CodeGenGenericTypeNamingStrategy
[19:23:11:591] [INFO] - springfox.documentation.swagger.web.ClassOrApiAnnotationResourceGrouping$1.apply(ClassOrApiAnnotationResourceGrouping.java:100) - Group for method add was team
[19:23:11:599] [INFO] - springfox.documentation.swagger.web.ClassOrApiAnnotationResourceGrouping$1.apply(ClassOrApiAnnotationResourceGrouping.java:100) - Group for method add was team
[19:23:11:607] [INFO] - springfox.documentation.schema.ModelContextKeyGenerator.generate(ModelContextKeyGenerator.java:46) - Cache Key Generated: java.lang.Object(true)
[19:23:11:608] [INFO] - springfox.documentation.spring.web.caching.CachingAspect.modelsAndDependencies(CachingAspect.java:79) - Caching aspect applied for cache models with key java.lang.Object(true)
[19:23:11:609] [INFO] - springfox.documentation.schema.ModelContextKeyGenerator.generate(ModelContextKeyGenerator.java:46) - Cache Key Generated: java.lang.Object(true)
[19:23:11:609] [INFO] - springfox.documentation.spring.web.caching.CachingAspect.modelsAndDependencies(CachingAspect.java:79) - Caching aspect applied for cache modelDependencies with key java.lang.Object(true)
[19:23:11:610] [INFO] - springfox.documentation.spring.web.OperationsKeyGenerator.generate(OperationsKeyGenerator.java:51) - Cache key generated: /api/team/delete.top.harvie.ProjectTeam.controller.TeamController.delete.CodeGenGenericTypeNamingStrategy
[19:23:11:611] [INFO] - springfox.documentation.spring.web.caching.CachingAspect.operationsAndProperties(CachingAspect.java:68) - Caching aspect applied for cache operations with key /api/team/delete.top.harvie.ProjectTeam.controller.TeamController.delete.CodeGenGenericTypeNamingStrategy
[19:23:11:617] [INFO] - springfox.documentation.swagger.web.ClassOrApiAnnotationResourceGrouping$1.apply(ClassOrApiAnnotationResourceGrouping.java:100) - Group for method delete was team
[19:23:11:623] [INFO] - springfox.documentation.swagger.web.ClassOrApiAnnotationResourceGrouping$1.apply(ClassOrApiAnnotationResourceGrouping.java:100) - Group for method delete was team
[19:23:11:636] [INFO] - springfox.documentation.schema.ModelContextKeyGenerator.generate(ModelContextKeyGenerator.java:46) - Cache Key Generated: java.lang.Object(true)
[19:23:11:640] [INFO] - springfox.documentation.spring.web.caching.CachingAspect.modelsAndDependencies(CachingAspect.java:79) - Caching aspect applied for cache models with key java.lang.Object(true)
[19:23:11:641] [INFO] - springfox.documentation.schema.ModelContextKeyGenerator.generate(ModelContextKeyGenerator.java:46) - Cache Key Generated: java.lang.Object(true)
[19:23:11:643] [INFO] - springfox.documentation.spring.web.caching.CachingAspect.modelsAndDependencies(CachingAspect.java:79) - Caching aspect applied for cache modelDependencies with key java.lang.Object(true)
[19:23:11:643] [INFO] - springfox.documentation.spring.web.OperationsKeyGenerator.generate(OperationsKeyGenerator.java:51) - Cache key generated: /api/team/all.top.harvie.ProjectTeam.controller.TeamController.select.CodeGenGenericTypeNamingStrategy
[19:23:11:644] [INFO] - springfox.documentation.spring.web.caching.CachingAspect.operationsAndProperties(CachingAspect.java:68) - Caching aspect applied for cache operations with key /api/team/all.top.harvie.ProjectTeam.controller.TeamController.select.CodeGenGenericTypeNamingStrategy
[19:23:11:646] [INFO] - springfox.documentation.swagger.web.ClassOrApiAnnotationResourceGrouping$1.apply(ClassOrApiAnnotationResourceGrouping.java:100) - Group for method select was team
[19:23:11:649] [INFO] - springfox.documentation.swagger.web.ClassOrApiAnnotationResourceGrouping$1.apply(ClassOrApiAnnotationResourceGrouping.java:100) - Group for method select was team
[19:23:11:660] [INFO] - springfox.documentation.schema.ModelContextKeyGenerator.generate(ModelContextKeyGenerator.java:46) - Cache Key Generated: java.lang.Object(true)
[19:23:11:661] [INFO] - springfox.documentation.spring.web.caching.CachingAspect.modelsAndDependencies(CachingAspect.java:79) - Caching aspect applied for cache models with key java.lang.Object(true)
[19:23:11:662] [INFO] - springfox.documentation.schema.ModelContextKeyGenerator.generate(ModelContextKeyGenerator.java:46) - Cache Key Generated: java.lang.Object(true)
[19:23:11:662] [INFO] - springfox.documentation.spring.web.caching.CachingAspect.modelsAndDependencies(CachingAspect.java:79) - Caching aspect applied for cache modelDependencies with key java.lang.Object(true)
[19:23:11:663] [INFO] - springfox.documentation.spring.web.OperationsKeyGenerator.generate(OperationsKeyGenerator.java:51) - Cache key generated: /api/team.top.harvie.ProjectTeam.controller.TeamController.selectById.CodeGenGenericTypeNamingStrategy
[19:23:11:664] [INFO] - springfox.documentation.spring.web.caching.CachingAspect.operationsAndProperties(CachingAspect.java:68) - Caching aspect applied for cache operations with key /api/team.top.harvie.ProjectTeam.controller.TeamController.selectById.CodeGenGenericTypeNamingStrategy
[19:23:11:669] [INFO] - springfox.documentation.swagger.web.ClassOrApiAnnotationResourceGrouping$1.apply(ClassOrApiAnnotationResourceGrouping.java:100) - Group for method selectById was team
[19:23:11:672] [INFO] - springfox.documentation.swagger.web.ClassOrApiAnnotationResourceGrouping$1.apply(ClassOrApiAnnotationResourceGrouping.java:100) - Group for method selectById was team
[19:23:11:682] [INFO] - springfox.documentation.schema.ModelContextKeyGenerator.generate(ModelContextKeyGenerator.java:46) - Cache Key Generated: top.harvie.ProjectTeam.dao.pojo.Team(false)
[19:23:11:683] [INFO] - springfox.documentation.spring.web.caching.CachingAspect.modelsAndDependencies(CachingAspect.java:79) - Caching aspect applied for cache models with key top.harvie.ProjectTeam.dao.pojo.Team(false)
[19:23:11:684] [INFO] - springfox.documentation.schema.ModelContextKeyGenerator.generate(ModelContextKeyGenerator.java:46) - Cache Key Generated: top.harvie.ProjectTeam.dao.pojo.Team(false)
[19:23:11:684] [INFO] - springfox.documentation.spring.web.caching.CachingAspect.modelsAndDependencies(CachingAspect.java:79) - Caching aspect applied for cache modelDependencies with key top.harvie.ProjectTeam.dao.pojo.Team(false)
[19:23:11:685] [INFO] - springfox.documentation.schema.ModelContextKeyGenerator.generate(ModelContextKeyGenerator.java:46) - Cache Key Generated: java.lang.Object(true)
[19:23:11:685] [INFO] - springfox.documentation.spring.web.caching.CachingAspect.modelsAndDependencies(CachingAspect.java:79) - Caching aspect applied for cache models with key java.lang.Object(true)
[19:23:11:688] [INFO] - springfox.documentation.schema.ModelContextKeyGenerator.generate(ModelContextKeyGenerator.java:46) - Cache Key Generated: java.lang.Object(true)
[19:23:11:689] [INFO] - springfox.documentation.spring.web.caching.CachingAspect.modelsAndDependencies(CachingAspect.java:79) - Caching aspect applied for cache modelDependencies with key java.lang.Object(true)
[19:23:11:689] [INFO] - springfox.documentation.spring.web.OperationsKeyGenerator.generate(OperationsKeyGenerator.java:51) - Cache key generated: /api/team/update.top.harvie.ProjectTeam.controller.TeamController.update.CodeGenGenericTypeNamingStrategy
[19:23:11:690] [INFO] - springfox.documentation.spring.web.caching.CachingAspect.operationsAndProperties(CachingAspect.java:68) - Caching aspect applied for cache operations with key /api/team/update.top.harvie.ProjectTeam.controller.TeamController.update.CodeGenGenericTypeNamingStrategy
[19:23:11:705] [INFO] - springfox.documentation.swagger.web.ClassOrApiAnnotationResourceGrouping$1.apply(ClassOrApiAnnotationResourceGrouping.java:100) - Group for method update was team
[19:23:11:715] [INFO] - springfox.documentation.swagger.web.ClassOrApiAnnotationResourceGrouping$1.apply(ClassOrApiAnnotationResourceGrouping.java:100) - Group for method update was team
[19:23:11:774] [INFO] - org.apache.juli.logging.DirectJDKLog.log(DirectJDKLog.java:173) - Starting ProtocolHandler ["https-jsse-nio-8082"]
[19:23:12:079] [INFO] - org.springframework.boot.web.embedded.tomcat.TomcatWebServer.start(TomcatWebServer.java:204) - Tomcat started on port(s): 8082 (https) with context path ''
[19:23:12:080] [INFO] - org.springframework.cloud.netflix.eureka.serviceregistry.EurekaAutoServiceRegistration.onApplicationEvent(EurekaAutoServiceRegistration.java:141) - Updating port to 8082
[19:23:12:082] [INFO] - org.springframework.boot.StartupInfoLogger.logStarted(StartupInfoLogger.java:59) - Started ProjectTeamApplication in 16.76 seconds (JVM running for 20.915)
[19:23:13:416] [INFO] - org.apache.juli.logging.DirectJDKLog.log(DirectJDKLog.java:173) - Initializing Spring DispatcherServlet 'dispatcherServlet'
[19:23:13:417] [INFO] - org.springframework.web.servlet.FrameworkServlet.initServletBean(FrameworkServlet.java:524) - Initializing Servlet 'dispatcherServlet'
[19:23:13:444] [INFO] - org.springframework.web.servlet.FrameworkServlet.initServletBean(FrameworkServlet.java:546) - Completed initialization in 27 ms
[19:23:15:073] [INFO] - com.zaxxer.hikari.HikariDataSource.getConnection(HikariDataSource.java:110) - HikariPool-1 - Starting...
[19:23:15:076] [WARN] - com.zaxxer.hikari.util.DriverDataSource.<init>(DriverDataSource.java:68) - Registered driver with driverClassName=com.mysql.jdbc.Driver was not found, trying direct instantiation.
[19:23:15:869] [INFO] - com.zaxxer.hikari.HikariDataSource.getConnection(HikariDataSource.java:123) - HikariPool-1 - Start completed.
[19:23:16:607] [INFO] - io.lettuce.core.EpollProvider.<clinit>(EpollProvider.java:68) - Starting without optional epoll library
[19:23:16:612] [INFO] - io.lettuce.core.KqueueProvider.<clinit>(KqueueProvider.java:70) - Starting without optional kqueue library
